<?xml version="1.0" encoding="UTF-8"?>
<testsuites name="language_ts_004" time="127.672" tests="4" failures="0" errors="0">
   <testsuite name="language_ts_004" tests="4" failures="0" errors="0" time="127.672" skipped="0" timestamp="26-01-2024T18:17:32" hostname="cheta - 192.168.1.36" id="Test Suites/data_driven_testing_ts_folder/language_ts_004">
      <properties>
         <property name="deviceName" value=""/>
         <property name="devicePlatform" value=""/>
         <property name="logFolder" value="C:\\Users\\cheta\\git\\SI-GuidedProject-705826-1704943913\\SI-GuidedProject-705826-1704943913\\SI-GuidedProject-705826-1704943913\\Reports\\20240126_181631\\data_driven_testing_ts_folder\\language_ts_004\\20240126_181642"/>
         <property name="logFiles" value="C:\\Users\\cheta\\git\\SI-GuidedProject-705826-1704943913\\SI-GuidedProject-705826-1704943913\\SI-GuidedProject-705826-1704943913\\Reports\\20240126_181631\\data_driven_testing_ts_folder\\language_ts_004\\20240126_181642\\execution0.log"/>
         <property name="attachments" value="C:\\Users\\cheta\\git\\SI-GuidedProject-705826-1704943913\\SI-GuidedProject-705826-1704943913\\SI-GuidedProject-705826-1704943913\\Reports\\20240126_181631\\data_driven_testing_ts_folder\\language_ts_004\\20240126_181642\\1706273299699.png, C:\\Users\\cheta\\git\\SI-GuidedProject-705826-1704943913\\SI-GuidedProject-705826-1704943913\\SI-GuidedProject-705826-1704943913\\Reports\\20240126_181631\\data_driven_testing_ts_folder\\language_ts_004\\20240126_181642\\1706273373745.png"/>
         <property name="hostName" value="cheta - 192.168.1.36"/>
         <property name="os" value="Windows 11 64bit"/>
         <property name="katalonVersion" value="9.1.0.212"/>
         <property name="browser" value="Chrome 120.0.0.0"/>
         <property name="hostAddress" value="192.168.1.36"/>
         <property name="sessionId" value="919d7d5553d01b4136a40c320b834a27"/>
         <property name="seleniumVersion" value="3.141.59"/>
         <property name="proxyInformation" value="ProxyInformation { proxyOption=NO_PROXY, proxyServerType=HTTP, username=, password=********, proxyServerAddress=, proxyServerPort=0, executionList=&quot;&quot;, isApplyToDesiredCapabilities=true }"/>
         <property name="platform" value="Windows 11"/>
      </properties>
      <testcase name="Test Cases/Data_driven_testing_folder/language_tc_004" time="15.815" classname="Test Cases/Data_driven_testing_folder/language_tc_004" status="PASSED">
         <system-out><![CDATA[26-01-2024T18:18:20 - [TEST_CASE][PASSED] - Test Cases/Data_driven_testing_folder/language_tc_004: Test Cases/Data_driven_testing_folder/language_tc_004

26-01-2024T18:18:20 - [TEST_STEP][PASSED] - Start listener action : sampleBeforeTestCase: Navigate to 'https://www.amazon.in/' successfully

26-01-2024T18:18:20 - [TEST_STEP][PASSED] - openBrowser(""): Browser is opened with url: ''

26-01-2024T18:18:20 - [MESSAGE][INFO] - Starting 'Chrome' driver

26-01-2024T18:18:20 - [MESSAGE][INFO] - Action delay is set to 0 milliseconds

26-01-2024T18:18:22 - [MESSAGE][PASSED] - Browser is opened with url: ''

26-01-2024T18:18:22 - [TEST_STEP][PASSED] - navigateToUrl("https://www.amazon.in/"): Navigate to 'https://www.amazon.in/' successfully

26-01-2024T18:18:25 - [MESSAGE][PASSED] - Navigate to 'https://www.amazon.in/' successfully

26-01-2024T18:18:25 - [TEST_STEP][PASSED] - click(findTestObject("Object Repository/Page_Online Shopping site in India Shop Onl_10c5f3/div_EN")): Object: 'Object Repository/Page_Online Shopping site in India Shop Onl_10c5f3/div_EN' is clicked on

26-01-2024T18:18:29 - [MESSAGE][PASSED] - Object: 'Object Repository/Page_Online Shopping site in India Shop Onl_10c5f3/div_EN' is clicked on

26-01-2024T18:18:29 - [TEST_STEP][PASSED] - click(findTestObject("Object Repository/Page_Change Language Settings/" + language)): Object: 'Object Repository/Page_Change Language Settings/Malayalam' is clicked on

26-01-2024T18:18:33 - [MESSAGE][PASSED] - Object: 'Object Repository/Page_Change Language Settings/Malayalam' is clicked on

26-01-2024T18:18:33 - [TEST_STEP][PASSED] - click(findTestObject("Object Repository/Page_Change Language Settings/input_a-button-input")): Object: 'Object Repository/Page_Change Language Settings/input_a-button-input' is clicked on

26-01-2024T18:18:36 - [MESSAGE][PASSED] - Object: 'Object Repository/Page_Change Language Settings/input_a-button-input' is clicked on

26-01-2024T18:18:36 - [TEST_STEP][PASSED] - Start listener action : sampleAfterTestCase: Browser is closed

26-01-2024T18:18:36 - [TEST_STEP][PASSED] - closeBrowser(): Browser is closed

26-01-2024T18:18:36 - [MESSAGE][PASSED] - Browser is closed]]></system-out>
         <system-err><![CDATA[]]></system-err>
      </testcase>
      <testcase name="Test Cases/Data_driven_testing_folder/language_tc_004" time="8.616" classname="Test Cases/Data_driven_testing_folder/language_tc_004" status="PASSED">
         <system-out><![CDATA[26-01-2024T18:18:36 - [TEST_CASE][PASSED] - Test Cases/Data_driven_testing_folder/language_tc_004: Test Cases/Data_driven_testing_folder/language_tc_004

26-01-2024T18:18:36 - [TEST_STEP][PASSED] - Start listener action : sampleBeforeTestCase: Navigate to 'https://www.amazon.in/' successfully

26-01-2024T18:18:36 - [TEST_STEP][PASSED] - openBrowser(""): Browser is opened with url: ''

26-01-2024T18:18:36 - [MESSAGE][INFO] - Starting 'Chrome' driver

26-01-2024T18:18:36 - [MESSAGE][INFO] - Action delay is set to 0 milliseconds

26-01-2024T18:18:38 - [MESSAGE][PASSED] - Browser is opened with url: ''

26-01-2024T18:18:38 - [TEST_STEP][PASSED] - navigateToUrl("https://www.amazon.in/"): Navigate to 'https://www.amazon.in/' successfully

26-01-2024T18:18:39 - [MESSAGE][PASSED] - Navigate to 'https://www.amazon.in/' successfully

26-01-2024T18:18:39 - [TEST_STEP][PASSED] - click(findTestObject("Object Repository/Page_Online Shopping site in India Shop Onl_10c5f3/div_EN")): Object: 'Object Repository/Page_Online Shopping site in India Shop Onl_10c5f3/div_EN' is clicked on

26-01-2024T18:18:42 - [MESSAGE][PASSED] - Object: 'Object Repository/Page_Online Shopping site in India Shop Onl_10c5f3/div_EN' is clicked on

26-01-2024T18:18:42 - [TEST_STEP][PASSED] - click(findTestObject("Object Repository/Page_Change Language Settings/" + language)): Object: 'Object Repository/Page_Change Language Settings/English' is clicked on

26-01-2024T18:18:43 - [MESSAGE][PASSED] - Object: 'Object Repository/Page_Change Language Settings/English' is clicked on

26-01-2024T18:18:43 - [TEST_STEP][PASSED] - click(findTestObject("Object Repository/Page_Change Language Settings/input_a-button-input")): Object: 'Object Repository/Page_Change Language Settings/input_a-button-input' is clicked on

26-01-2024T18:18:44 - [MESSAGE][PASSED] - Object: 'Object Repository/Page_Change Language Settings/input_a-button-input' is clicked on

26-01-2024T18:18:44 - [TEST_STEP][PASSED] - Start listener action : sampleAfterTestCase: Browser is closed

26-01-2024T18:18:44 - [TEST_STEP][PASSED] - closeBrowser(): Browser is closed

26-01-2024T18:18:45 - [MESSAGE][PASSED] - Browser is closed]]></system-out>
         <system-err><![CDATA[]]></system-err>
      </testcase>
      <testcase name="Test Cases/Data_driven_testing_folder/language_tc_004" time="11.064" classname="Test Cases/Data_driven_testing_folder/language_tc_004" status="PASSED">
         <system-out><![CDATA[26-01-2024T18:18:45 - [TEST_CASE][PASSED] - Test Cases/Data_driven_testing_folder/language_tc_004: Test Cases/Data_driven_testing_folder/language_tc_004

26-01-2024T18:18:45 - [TEST_STEP][PASSED] - Start listener action : sampleBeforeTestCase: Navigate to 'https://www.amazon.in/' successfully

26-01-2024T18:18:45 - [TEST_STEP][PASSED] - openBrowser(""): Browser is opened with url: ''

26-01-2024T18:18:45 - [MESSAGE][INFO] - Starting 'Chrome' driver

26-01-2024T18:18:45 - [MESSAGE][INFO] - Action delay is set to 0 milliseconds

26-01-2024T18:18:48 - [MESSAGE][PASSED] - Browser is opened with url: ''

26-01-2024T18:18:48 - [TEST_STEP][PASSED] - navigateToUrl("https://www.amazon.in/"): Navigate to 'https://www.amazon.in/' successfully

26-01-2024T18:18:51 - [MESSAGE][PASSED] - Navigate to 'https://www.amazon.in/' successfully

26-01-2024T18:18:51 - [TEST_STEP][PASSED] - click(findTestObject("Object Repository/Page_Online Shopping site in India Shop Onl_10c5f3/div_EN")): Object: 'Object Repository/Page_Online Shopping site in India Shop Onl_10c5f3/div_EN' is clicked on

26-01-2024T18:18:53 - [MESSAGE][PASSED] - Object: 'Object Repository/Page_Online Shopping site in India Shop Onl_10c5f3/div_EN' is clicked on

26-01-2024T18:18:53 - [TEST_STEP][PASSED] - click(findTestObject("Object Repository/Page_Change Language Settings/" + language)): Object: 'Object Repository/Page_Change Language Settings/Telugu' is clicked on

26-01-2024T18:18:55 - [MESSAGE][PASSED] - Object: 'Object Repository/Page_Change Language Settings/Telugu' is clicked on

26-01-2024T18:18:55 - [TEST_STEP][PASSED] - click(findTestObject("Object Repository/Page_Change Language Settings/input_a-button-input")): Object: 'Object Repository/Page_Change Language Settings/input_a-button-input' is clicked on

26-01-2024T18:18:55 - [MESSAGE][PASSED] - Object: 'Object Repository/Page_Change Language Settings/input_a-button-input' is clicked on

26-01-2024T18:18:55 - [TEST_STEP][PASSED] - Start listener action : sampleAfterTestCase: Browser is closed

26-01-2024T18:18:55 - [TEST_STEP][PASSED] - closeBrowser(): Browser is closed

26-01-2024T18:18:56 - [MESSAGE][PASSED] - Browser is closed]]></system-out>
         <system-err><![CDATA[]]></system-err>
      </testcase>
      <testcase name="Test Cases/Data_driven_testing_folder/language_tc_004" time="6.119" classname="Test Cases/Data_driven_testing_folder/language_tc_004" status="PASSED">
         <system-out><![CDATA[26-01-2024T18:19:34 - [TEST_CASE][PASSED] - Test Cases/Data_driven_testing_folder/language_tc_004: Test Cases/Data_driven_testing_folder/language_tc_004

26-01-2024T18:19:34 - [TEST_STEP][PASSED] - Start listener action : sampleBeforeTestCase: Navigate to 'https://www.amazon.in/' successfully

26-01-2024T18:19:34 - [TEST_STEP][PASSED] - openBrowser(""): Browser is opened with url: ''

26-01-2024T18:19:34 - [MESSAGE][INFO] - Starting 'Chrome' driver

26-01-2024T18:19:34 - [MESSAGE][INFO] - Action delay is set to 0 milliseconds

26-01-2024T18:19:35 - [MESSAGE][PASSED] - Browser is opened with url: ''

26-01-2024T18:19:35 - [TEST_STEP][PASSED] - navigateToUrl("https://www.amazon.in/"): Navigate to 'https://www.amazon.in/' successfully

26-01-2024T18:19:36 - [MESSAGE][PASSED] - Navigate to 'https://www.amazon.in/' successfully

26-01-2024T18:19:36 - [TEST_STEP][PASSED] - click(findTestObject("Object Repository/Page_Online Shopping site in India Shop Onl_10c5f3/div_EN")): Object: 'Object Repository/Page_Online Shopping site in India Shop Onl_10c5f3/div_EN' is clicked on

26-01-2024T18:19:38 - [MESSAGE][PASSED] - Object: 'Object Repository/Page_Online Shopping site in India Shop Onl_10c5f3/div_EN' is clicked on

26-01-2024T18:19:38 - [TEST_STEP][PASSED] - click(findTestObject("Object Repository/Page_Change Language Settings/" + language)): Object: 'Object Repository/Page_Change Language Settings/Tamil' is clicked on

26-01-2024T18:19:39 - [MESSAGE][PASSED] - Object: 'Object Repository/Page_Change Language Settings/Tamil' is clicked on

26-01-2024T18:19:39 - [TEST_STEP][PASSED] - click(findTestObject("Object Repository/Page_Change Language Settings/input_a-button-input")): Object: 'Object Repository/Page_Change Language Settings/input_a-button-input' is clicked on

26-01-2024T18:19:40 - [MESSAGE][PASSED] - Object: 'Object Repository/Page_Change Language Settings/input_a-button-input' is clicked on

26-01-2024T18:19:40 - [TEST_STEP][PASSED] - Start listener action : sampleAfterTestCase: Browser is closed

26-01-2024T18:19:40 - [TEST_STEP][PASSED] - closeBrowser(): Browser is closed

26-01-2024T18:19:40 - [MESSAGE][PASSED] - Browser is closed]]></system-out>
         <system-err><![CDATA[]]></system-err>
      </testcase>
      <system-out><![CDATA[26-01-2024T18:17:32 - [TEST_SUITE][FAILED] - language_ts_004: Test Cases/Data_driven_testing_folder/language_tc_004 FAILED.
Reason:
com.kms.katalon.core.exception.StepFailedException: Unable to click on object 'Object Repository/Page_Online Shopping site in India Shop Onl_10c5f3/div_EN'
	at com.kms.katalon.core.webui.keyword.internal.WebUIKeywordMain.stepFailed(WebUIKeywordMain.groovy:64)
	at com.kms.katalon.core.webui.keyword.internal.WebUIKeywordMain.runKeyword(WebUIKeywordMain.groovy:26)
	at com.kms.katalon.core.webui.keyword.builtin.ClickKeyword.click(ClickKeyword.groovy:74)
	at com.kms.katalon.core.webui.keyword.builtin.ClickKeyword.execute(ClickKeyword.groovy:40)
	at com.kms.katalon.core.keyword.internal.KeywordExecutor.executeKeywordForPlatform(KeywordExecutor.groovy:74)
	at com.kms.katalon.core.webui.keyword.WebUiBuiltInKeywords.click(WebUiBuiltInKeywords.groovy:659)
	at language_tc_004.run(language_tc_004:20)
	at com.kms.katalon.core.main.ScriptEngine.run(ScriptEngine.java:194)
	at com.kms.katalon.core.main.ScriptEngine.runScriptAsRawText(ScriptEngine.java:119)
	at com.kms.katalon.core.main.TestCaseExecutor.runScript(TestCaseExecutor.java:448)
	at com.kms.katalon.core.main.TestCaseExecutor.doExecute(TestCaseExecutor.java:439)
	at com.kms.katalon.core.main.TestCaseExecutor.processExecutionPhase(TestCaseExecutor.java:418)
	at com.kms.katalon.core.main.TestCaseExecutor.accessMainPhase(TestCaseExecutor.java:410)
	at com.kms.katalon.core.main.TestCaseExecutor.execute(TestCaseExecutor.java:285)
	at com.kms.katalon.core.common.CommonExecutor.accessTestCaseMainPhase(CommonExecutor.java:65)
	at com.kms.katalon.core.main.TestSuiteExecutor.accessTestSuiteMainPhase(TestSuiteExecutor.java:148)
	at com.kms.katalon.core.main.TestSuiteExecutor.execute(TestSuiteExecutor.java:106)
	at com.kms.katalon.core.main.TestCaseMain.startTestSuite(TestCaseMain.java:180)
	at TempTestSuite1706273202597.run(TempTestSuite1706273202597.groovy:36)
	at java.base/jdk.internal.reflect.NativeMethodAccessorImpl.invoke0(Native Method)
	at java.base/jdk.internal.reflect.NativeMethodAccessorImpl.invoke(NativeMethodAccessorImpl.java:77)
	at java.base/jdk.internal.reflect.DelegatingMethodAccessorImpl.invoke(DelegatingMethodAccessorImpl.java:43)
Caused by: com.kms.katalon.core.webui.exception.WebElementNotFoundException: Web element with id: 'Object Repository/Page_Online Shopping site in India Shop Onl_10c5f3/div_EN' located by '//a[@id='icp-nav-flyout']/span/span[2]/div' not found
	at com.kms.katalon.core.webui.common.WebUiCommonHelper.findWebElement(WebUiCommonHelper.java:1379)
	at com.kms.katalon.core.webui.keyword.internal.WebUIAbstractKeyword.findWebElement(WebUIAbstractKeyword.groovy:27)
	at com.kms.katalon.core.webui.keyword.builtin.ClickKeyword$_click_closure1.doCall(ClickKeyword.groovy:65)
	at com.kms.katalon.core.webui.keyword.builtin.ClickKeyword$_click_closure1.call(ClickKeyword.groovy)
	at com.kms.katalon.core.webui.keyword.internal.WebUIKeywordMain.runKeyword(WebUIKeywordMain.groovy:20)
	... 20 more]]></system-out>
      <system-err><![CDATA[26-01-2024T18:17:32 - [TEST_SUITE][FAILED] - language_ts_004: Test Cases/Data_driven_testing_folder/language_tc_004 FAILED.
Reason:
com.kms.katalon.core.exception.StepFailedException: Unable to click on object 'Object Repository/Page_Online Shopping site in India Shop Onl_10c5f3/div_EN'
	at com.kms.katalon.core.webui.keyword.internal.WebUIKeywordMain.stepFailed(WebUIKeywordMain.groovy:64)
	at com.kms.katalon.core.webui.keyword.internal.WebUIKeywordMain.runKeyword(WebUIKeywordMain.groovy:26)
	at com.kms.katalon.core.webui.keyword.builtin.ClickKeyword.click(ClickKeyword.groovy:74)
	at com.kms.katalon.core.webui.keyword.builtin.ClickKeyword.execute(ClickKeyword.groovy:40)
	at com.kms.katalon.core.keyword.internal.KeywordExecutor.executeKeywordForPlatform(KeywordExecutor.groovy:74)
	at com.kms.katalon.core.webui.keyword.WebUiBuiltInKeywords.click(WebUiBuiltInKeywords.groovy:659)
	at language_tc_004.run(language_tc_004:20)
	at com.kms.katalon.core.main.ScriptEngine.run(ScriptEngine.java:194)
	at com.kms.katalon.core.main.ScriptEngine.runScriptAsRawText(ScriptEngine.java:119)
	at com.kms.katalon.core.main.TestCaseExecutor.runScript(TestCaseExecutor.java:448)
	at com.kms.katalon.core.main.TestCaseExecutor.doExecute(TestCaseExecutor.java:439)
	at com.kms.katalon.core.main.TestCaseExecutor.processExecutionPhase(TestCaseExecutor.java:418)
	at com.kms.katalon.core.main.TestCaseExecutor.accessMainPhase(TestCaseExecutor.java:410)
	at com.kms.katalon.core.main.TestCaseExecutor.execute(TestCaseExecutor.java:285)
	at com.kms.katalon.core.common.CommonExecutor.accessTestCaseMainPhase(CommonExecutor.java:65)
	at com.kms.katalon.core.main.TestSuiteExecutor.accessTestSuiteMainPhase(TestSuiteExecutor.java:148)
	at com.kms.katalon.core.main.TestSuiteExecutor.execute(TestSuiteExecutor.java:106)
	at com.kms.katalon.core.main.TestCaseMain.startTestSuite(TestCaseMain.java:180)
	at TempTestSuite1706273202597.run(TempTestSuite1706273202597.groovy:36)
	at java.base/jdk.internal.reflect.NativeMethodAccessorImpl.invoke0(Native Method)
	at java.base/jdk.internal.reflect.NativeMethodAccessorImpl.invoke(NativeMethodAccessorImpl.java:77)
	at java.base/jdk.internal.reflect.DelegatingMethodAccessorImpl.invoke(DelegatingMethodAccessorImpl.java:43)
Caused by: com.kms.katalon.core.webui.exception.WebElementNotFoundException: Web element with id: 'Object Repository/Page_Online Shopping site in India Shop Onl_10c5f3/div_EN' located by '//a[@id='icp-nav-flyout']/span/span[2]/div' not found
	at com.kms.katalon.core.webui.common.WebUiCommonHelper.findWebElement(WebUiCommonHelper.java:1379)
	at com.kms.katalon.core.webui.keyword.internal.WebUIAbstractKeyword.findWebElement(WebUIAbstractKeyword.groovy:27)
	at com.kms.katalon.core.webui.keyword.builtin.ClickKeyword$_click_closure1.doCall(ClickKeyword.groovy:65)
	at com.kms.katalon.core.webui.keyword.builtin.ClickKeyword$_click_closure1.call(ClickKeyword.groovy)
	at com.kms.katalon.core.webui.keyword.internal.WebUIKeywordMain.runKeyword(WebUIKeywordMain.groovy:20)
	... 20 more]]></system-err>
   </testsuite>
</testsuites>
